=== Device boot ===
31176 (kronos/device5_intouch.log): 2014-Jan-26 09:55:07 Boot Start
31176 (kronos/device5_intouch.log): 2014-Jan-26 09:58:04 Boot Completed
Boot Time: 177000ms
31293 (kronos/device5_intouch.log): 2014-Jan-26 12:15:18 Boot Start
31401 (kronos/device5_intouch.log): 2014-Jan-26 14:02:39 Boot Start
31401 (kronos/device5_intouch.log): 2014-Jan-26 14:05:24 Boot Completed
Boot Time: 165000ms
32641 (kronos/device5_intouch.log): 2014-Jan-27 12:27:55 Boot Start
32656 (kronos/device5_intouch.log): 2014-Jan-27 12:30:23 Boot Start
32674 (kronos/device5_intouch.log): 2014-Jan-27 12:32:51 Boot Start
32693 (kronos/device5_intouch.log): 2014-Jan-27 12:35:19 Boot Start
32801 (kronos/device5_intouch.log): 2014-Jan-27 14:02:38 Boot Start
32801 (kronos/device5_intouch.log): 2014-Jan-27 14:05:21 Boot Completed
Boot Time: 163000ms
33725 (kronos/device5_intouch.log): 2014-Jan-28 12:44:17 Boot Start
33833 (kronos/device5_intouch.log): 2014-Jan-28 14:02:33 Boot Start
33833 (kronos/device5_intouch.log): 2014-Jan-28 14:05:15 Boot Completed
Boot Time: 162000ms
34613 (kronos/device5_intouch.log): 2014-Jan-29 12:43:07 Boot Start
34721 (kronos/device5_intouch.log): 2014-Jan-29 14:02:35 Boot Start
34721 (kronos/device5_intouch.log): 2014-Jan-29 14:05:19 Boot Completed
Boot Time: 164000ms
37447 (kronos/device5_intouch.log): 2014-Jan-30 12:43:05 Boot Start
37555 (kronos/device5_intouch.log): 2014-Jan-30 14:02:40 Boot Start
37555 (kronos/device5_intouch.log): 2014-Jan-30 14:05:22 Boot Completed
Boot Time: 162000ms
38366 (kronos/device5_intouch.log): 2014-Jan-31 14:02:33 Boot Start
38366 (kronos/device5_intouch.log): 2014-Jan-31 14:05:16 Boot Completed
Boot Time: 163000ms
39166 (kronos/device5_intouch.log): 2014-Feb-01 12:39:38 Boot Start
39182 (kronos/device5_intouch.log): 2014-Feb-01 12:42:07 Boot Start
39290 (kronos/device5_intouch.log): 2014-Feb-01 14:02:32 Boot Start
39290 (kronos/device5_intouch.log): 2014-Feb-01 14:05:16 Boot Completed
Boot Time: 164000ms
40397 (kronos/device5_intouch.log): 2014-Feb-02 14:02:39 Boot Start
40397 (kronos/device5_intouch.log): 2014-Feb-02 14:05:31 Boot Completed
Boot Time: 172000ms
41633 (kronos/device5_intouch.log): 2014-Feb-03 12:35:55 Boot Start
41648 (kronos/device5_intouch.log): 2014-Feb-03 12:38:22 Boot Start
41666 (kronos/device5_intouch.log): 2014-Feb-03 12:40:48 Boot Start
41684 (kronos/device5_intouch.log): 2014-Feb-03 12:43:17 Boot Start
41694 (kronos/device5_intouch.log): 2014-Feb-03 12:45:46 Boot Start
41802 (kronos/device5_intouch.log): 2014-Feb-03 14:02:34 Boot Start
41802 (kronos/device5_intouch.log): 2014-Feb-03 14:05:18 Boot Completed
Boot Time: 164000ms
